<?xml version="1.0" encoding="UTF-8"?>
<testsuite xmlns:xsi="http://www.w3.org/2001/XMLSchema-instance" xsi:noNamespaceSchemaLocation="https://maven.apache.org/surefire/maven-surefire-plugin/xsd/surefire-test-report-3.0.xsd" version="3.0" name="site.nomoreparties.stellarburgers.tests.profile.ProfilePageTest" time="24.04" tests="1" errors="0" skipped="0" failures="0">
  <properties>
[...]
</properties>
  <testcase name="loginWithLoginBtnTest" classname="site.nomoreparties.stellarburgers.tests.profile.ProfilePageTest" time="24.039">
    <system-err><![CDATA[[main] INFO io.github.bonigarcia.wdm.WebDriverManager - Using chromedriver 130.0.6723.69 (resolved driver for Chrome 130)
[main] INFO io.github.bonigarcia.wdm.WebDriverManager - Exporting webdriver.chrome.driver as /Users/olsenn/.cache/selenium/chromedriver/mac-arm64/130.0.6723.69/chromedriver
Starting ChromeDriver 130.0.6723.69 (3ec172b971b9478c515a58f591112c5c23fa4965-refs/branch-heads/6723@{#1452}) on port 45872
Only local connections are allowed.
Please see https://chromedriver.chromium.org/security-considerations for suggestions on keeping ChromeDriver safe.
ChromeDriver was started successfully on port 45872.
окт. 24, 2024 12:48:25 AM org.openqa.selenium.remote.ProtocolHandshake createSession
INFO: Detected dialect: W3C
]]></system-err>
  </testcase>
</testsuite>